<?xml version="1.0" encoding="UTF-8"?>
<testsuite name="ElevatorTest" tests="4" skipped="0" failures="0" errors="0" timestamp="2021-02-19T01:31:40" hostname="MacBook-Air-di-Daniele.local" time="20.802">
  <properties/>
  <testcase name="testElevatorChangeStatusToGoingUpWhenCalledFromFloor1()" classname="ElevatorTest" time="5.17"/>
  <testcase name="testElevatorStartsAtGroundFloorWithStatusAwaiting()" classname="ElevatorTest" time="0.002"/>
  <testcase name="testElevatorGoesFrom3toBasementCorrectly()" classname="ElevatorTest" time="10.516"/>
  <testcase name="testElevatorChangeStatusToGoingDownWhenCalledFromBasement()" classname="ElevatorTest" time="5.109"/>
  <system-out><![CDATA[GOING_UP
1
LOADING_PEOPLE
GOING_DOWN
0
AWAITING
GOING_UP
1
GOING_UP
2
GOING_UP
3
LOADING_PEOPLE
GOING_DOWN
2
GOING_DOWN
1
GOING_DOWN
0
GOING_DOWN
-1
AWAITING
GOING_DOWN
-1
LOADING_PEOPLE
GOING_UP
0
AWAITING
]]></system-out>
  <system-err><![CDATA[]]></system-err>
</testsuite>
