<?xml version="1.0" encoding="UTF-8"?>
<testsuite name="KataTest" tests="2" skipped="0" failures="0" errors="0" timestamp="2021-01-16T22:23:20" hostname="MacBook-Air-di-Daniele.local" time="0.048">
  <properties/>
  <testcase name="testShallPass()" classname="KataTest" time="0.039"/>
  <testcase name="testHandleReturnTrue()" classname="KataTest" time="0.007"/>
  <system-out><![CDATA[]]></system-out>
  <system-err><![CDATA[]]></system-err>
</testsuite>
